TN:
SF:src\router.ts
FN:25,(anonymous_0)
FN:39,(anonymous_1)
FNF:2
FNH:2
FNDA:4,(anonymous_0)
FNDA:5,(anonymous_1)
DA:1,2
DA:2,2
DA:3,2
DA:4,2
DA:6,2
DA:9,2
DA:10,2
DA:16,2
DA:25,4
DA:31,2
DA:39,5
DA:46,2
DA:52,2
DA:58,2
LF:14
LH:14
BRF:0
BRH:0
end_of_record
TN:
SF:src\server.ts
FN:8,connectDB
FN:28,(anonymous_2)
FNF:2
FNH:2
FNDA:3,connectDB
FNDA:1,(anonymous_2)
DA:1,2
DA:2,2
DA:3,2
DA:4,2
DA:8,2
DA:9,3
DA:10,3
DA:11,2
DA:12,2
DA:14,1
DA:15,1
DA:18,2
DA:21,2
DA:24,2
DA:26,2
DA:28,2
DA:29,1
DA:32,2
LF:18
LH:18
BRF:0
BRH:0
end_of_record
TN:
SF:src\config\db.ts
FNF:0
FNH:0
DA:1,2
DA:2,2
DA:3,2
DA:5,2
DA:9,2
LF:5
LH:5
BRF:0
BRH:0
end_of_record
TN:
SF:src\handlers\product.ts
FN:4,(anonymous_1)
FN:18,(anonymous_2)
FN:35,(anonymous_3)
FN:45,(anonymous_4)
FN:62,(anonymous_5)
FN:79,(anonymous_6)
FNF:6
FNH:6
FNDA:2,(anonymous_1)
FNDA:2,(anonymous_2)
FNDA:1,(anonymous_3)
FNDA:2,(anonymous_4)
FNDA:2,(anonymous_5)
FNDA:2,(anonymous_6)
DA:2,2
DA:4,2
DA:5,2
DA:6,2
DA:12,2
DA:18,2
DA:19,2
DA:20,2
DA:21,2
DA:23,2
DA:24,1
DA:29,1
DA:35,2
DA:37,1
DA:38,1
DA:39,1
DA:45,2
DA:46,2
DA:47,2
DA:49,2
DA:50,1
DA:56,1
DA:57,1
DA:59,1
DA:62,2
DA:63,2
DA:64,2
DA:66,2
DA:67,1
DA:73,1
DA:74,1
DA:76,1
DA:79,2
DA:80,2
DA:81,2
DA:83,2
DA:84,1
DA:90,1
DA:91,1
LF:39
LH:39
BRDA:23,0,0,1
BRDA:49,1,0,1
BRDA:66,2,0,1
BRDA:83,3,0,1
BRF:4
BRH:4
end_of_record
TN:
SF:src\middleware\index.ts
FN:5,(anonymous_0)
FNF:1
FNH:1
FNDA:17,(anonymous_0)
DA:2,2
DA:5,2
DA:8,17
DA:10,17
DA:11,8
DA:15,9
LF:6
LH:6
BRDA:10,0,0,8
BRF:1
BRH:1
end_of_record
TN:
SF:src\models\Product.model.ts
FNF:0
FNH:0
DA:1,3
DA:7,3
DA:11,3
DA:16,3
DA:22,3
DA:24,3
LF:6
LH:6
BRF:0
BRH:0
end_of_record
